<?xml version="1.0" encoding="UTF-8"?>
<!-- Generated by org.testng.reporters.JUnitReportReporter -->
<testsuite hostname="Damian" failures="0" tests="1" name="SeleniumTest" time="0.000" errors="0" timestamp="2022-04-25T21:11:07 CEST" skipped="0">
  <testcase classname="SeleniumTest" name="sampleTest" time="0.000"/>
  <system-out/>
</testsuite> <!-- SeleniumTest -->
